#
# There is insufficient memory for the Java Runtime Environment to continue.
# Native memory allocation (mmap) failed to map 232783872 bytes for G1 virtual space
# Possible reasons:
#   The system is out of physical RAM or swap space
#   The process is running with CompressedOops enabled, and the Java Heap may be blocking the growth of the native heap
# Possible solutions:
#   Reduce memory load on the system
#   Increase physical memory or swap space
#   Check if swap backing store is full
#   Decrease Java heap size (-Xmx/-Xms)
#   Decrease number of Java threads
#   Decrease Java thread stack sizes (-Xss)
#   Set larger code cache with -XX:ReservedCodeCacheSize=
#   JVM is running with Zero Based Compressed Oops mode in which the Java heap is
#     placed in the first 32GB address space. The Java Heap base address is the
#     maximum limit for the native heap growth. Please use -XX:HeapBaseMinAddress
#     to set the Java Heap base and to place the Java Heap above 32GB virtual address.
# This output file may be truncated or incomplete.
#
#  Out of Memory Error (os_windows.cpp:3769), pid=16352, tid=24032
#
# JRE version:  (17.0.6+1) (build )
# Java VM: OpenJDK 64-Bit Server VM (17.0.6+1-b653.34, mixed mode, sharing, tiered, compressed oops, compressed class ptrs, g1 gc, windows-amd64)
# No core dump will be written. Minidumps are not enabled by default on client versions of Windows
#

---------------  S U M M A R Y ------------

Command Line: -Djava.io.tmpdir=C:\Users\Naufal\AppData\Local\JetBrains\PhpStorm2022.3\tmp\statistics-uploader com.intellij.internal.statistic.uploader.EventLogUploader --ide-token C:\Users\Naufal\AppData\Local\JetBrains\PhpStorm2022.3\token --recorders FUS --device-fus 1202231fed17621-7954-4ada-bd1b-4959d11b5a60 --bucket-fus 154 --machine-fus 599aa50d31cfdbf48625d01ea2022c042957c3e2f11a356ea78fa0fb0fc802af --id-revision-fus 0 --files-fus C:\Users\Naufal\AppData\Local\JetBrains\PhpStorm2022.3\event-log-data\logs\FUS\ab4c-41ba-9672-21e1ed2265f1-223.8836.42-release.log --url https://resources.jetbrains.com/storage/fus/config/v4/%s/%s.json --product PS --product-version 2022.3.3 --user-agent PhpStorm/223.8836.42 --extra-headers 

Host: AMD Ryzen 7 5800U with Radeon Graphics         , 16 cores, 13G,  Windows 11 , 64 bit Build 22621 (10.0.22621.1635)
Time: Thu May  4 20:37:10 2023 SE Asia Standard Time elapsed time: 0.031590 seconds (0d 0h 0m 0s)

---------------  T H R E A D  ---------------

Current thread (0x0000029c133cd660):  JavaThread "Unknown thread" [_thread_in_vm, id=24032, stack(0x000000b8c8d00000,0x000000b8c8e00000)]

Stack: [0x000000b8c8d00000,0x000000b8c8e00000]
Native frames: (J=compiled Java code, j=interpreted, Vv=VM code, C=native code)
V  [jvm.dll+0x683b4a]
V  [jvm.dll+0x842654]
V  [jvm.dll+0x843dfe]
V  [jvm.dll+0x844463]
V  [jvm.dll+0x249b75]
V  [jvm.dll+0x680a19]
V  [jvm.dll+0x674f0a]
V  [jvm.dll+0x309acb]
V  [jvm.dll+0x310f86]
V  [jvm.dll+0x3608ee]
V  [jvm.dll+0x360b1f]
V  [jvm.dll+0x2dfbf8]
V  [jvm.dll+0x2e0b64]
V  [jvm.dll+0x813f41]
V  [jvm.dll+0x36e6a1]
V  [jvm.dll+0x7f347c]
V  [jvm.dll+0x3f0e8f]
V  [jvm.dll+0x3f29d1]
C  [jli.dll+0x526b]
C  [ucrtbase.dll+0x29363]
C  [KERNEL32.DLL+0x126ad]
C  [ntdll.dll+0x5a9f8]


---------------  P R O C E S S  ---------------

Threads class SMR info:
_java_thread_list=0x00007ff8c607c058, length=0, elements={
}

Java Threads: ( => current thread )

Other Threads:
  0x0000029c134310c0 GCTaskThread "GC Thread#0" [stack: 0x000000b8c8e00000,0x000000b8c8f00000] [id=12804]
  0x0000029c1343ff20 ConcurrentGCThread "G1 Main Marker" [stack: 0x000000b8c8f00000,0x000000b8c9000000] [id=18212]
  0x0000029c134410d0 ConcurrentGCThread "G1 Conc#0" [stack: 0x000000b8c9000000,0x000000b8c9100000] [id=22816]

[error occurred during error reporting (printing all threads), id 0xc0000005, EXCEPTION_ACCESS_VIOLATION (0xc0000005) at pc=0x00007ff8c5830797]

VM state: not at safepoint (not fully initialized)

VM Mutex/Monitor currently owned by a thread:  ([mutex/lock_event])
[0x0000029c133c8ae0] Heap_lock - owner thread: 0x0000029c133cd660

Heap address: 0x0000000722400000, size: 3548 MB, Compressed Oops mode: Zero based, Oop shift amount: 3

CDS archive(s) mapped at: [0x0000000000000000-0x0000000000000000-0x0000000000000000), size 0, SharedBaseAddress: 0x0000000800000000, ArchiveRelocationMode: 0.
Narrow klass base: 0x0000000000000000, Narrow klass shift: 0, Narrow klass range: 0x0

GC Precious Log:
<Empty>

Heap:
 garbage-first heap   total 0K, used 0K [0x0000000722400000, 0x0000000800000000)
  region size 2048K, 0 young (0K), 0 survivors (0K)

[error occurred during error reporting (printing heap information), id 0xc0000005, EXCEPTION_ACCESS_VIOLATION (0xc0000005) at pc=0x00007ff8c5c1d939]

GC Heap History (0 events):
No events

Dll operation events (1 events):
Event: 0.018 Loaded shared library C:\Program Files\JetBrains\PhpStorm 2022.3.3\jbr\bin\java.dll

Deoptimization events (0 events):
No events

Classes unloaded (0 events):
No events

Classes redefined (0 events):
No events

Internal exceptions (0 events):
No events

VM Operations (0 events):
No events

Events (0 events):
No events


Dynamic libraries:
0x00007ff73ca50000 - 0x00007ff73ca5a000 	C:\Program Files\JetBrains\PhpStorm 2022.3.3\jbr\bin\java.exe
0x00007ff91add0000 - 0x00007ff91afe4000 	C:\Windows\SYSTEM32\ntdll.dll
0x00007ff91a860000 - 0x00007ff91a922000 	C:\Windows\System32\KERNEL32.DLL
0x00007ff918460000 - 0x00007ff918803000 	C:\Windows\System32\KERNELBASE.dll
0x00007ff918810000 - 0x00007ff918921000 	C:\Windows\System32\ucrtbase.dll
0x00007ff90d1c0000 - 0x00007ff90d1d7000 	C:\Program Files\JetBrains\PhpStorm 2022.3.3\jbr\bin\jli.dll
0x00007ff919c80000 - 0x00007ff919e2b000 	C:\Windows\System32\USER32.dll
0x00007ff909750000 - 0x00007ff90976b000 	C:\Program Files\JetBrains\PhpStorm 2022.3.3\jbr\bin\VCRUNTIME140.dll
0x00007ff918310000 - 0x00007ff918336000 	C:\Windows\System32\win32u.dll
0x00007ff906e10000 - 0x00007ff90709e000 	C:\Windows\WinSxS\amd64_microsoft.windows.common-controls_6595b64144ccf1df_6.0.22621.1635_none_270f70857386168e\COMCTL32.dll
0x00007ff91aa40000 - 0x00007ff91aa69000 	C:\Windows\System32\GDI32.dll
0x00007ff919540000 - 0x00007ff9195e7000 	C:\Windows\System32\msvcrt.dll
0x00007ff918340000 - 0x00007ff918458000 	C:\Windows\System32\gdi32full.dll
0x00007ff918270000 - 0x00007ff91830a000 	C:\Windows\System32\msvcp_win.dll
0x00007ff919790000 - 0x00007ff9197c1000 	C:\Windows\System32\IMM32.DLL
0x00007ff914ea0000 - 0x00007ff914eac000 	C:\Program Files\JetBrains\PhpStorm 2022.3.3\jbr\bin\vcruntime140_1.dll
0x00007ff8f70a0000 - 0x00007ff8f712d000 	C:\Program Files\JetBrains\PhpStorm 2022.3.3\jbr\bin\msvcp140.dll
0x00007ff8c5540000 - 0x00007ff8c61ad000 	C:\Program Files\JetBrains\PhpStorm 2022.3.3\jbr\bin\server\jvm.dll
0x00007ff9196d0000 - 0x00007ff91977e000 	C:\Windows\System32\ADVAPI32.dll
0x00007ff9197d0000 - 0x00007ff919874000 	C:\Windows\System32\sechost.dll
0x00007ff919420000 - 0x00007ff919537000 	C:\Windows\System32\RPCRT4.dll
0x00007ff90ffa0000 - 0x00007ff90ffd4000 	C:\Windows\SYSTEM32\WINMM.dll
0x00007ff90f0e0000 - 0x00007ff90f0e9000 	C:\Windows\SYSTEM32\WSOCK32.dll
0x00007ff9108f0000 - 0x00007ff9108fa000 	C:\Windows\SYSTEM32\VERSION.dll
0x00007ff91abf0000 - 0x00007ff91ac61000 	C:\Windows\System32\WS2_32.dll
0x00007ff917210000 - 0x00007ff917228000 	C:\Windows\SYSTEM32\kernel.appcore.dll
0x00007ff914e50000 - 0x00007ff914e5a000 	C:\Program Files\JetBrains\PhpStorm 2022.3.3\jbr\bin\jimage.dll
0x00007ff915a80000 - 0x00007ff915cae000 	C:\Windows\SYSTEM32\DBGHELP.DLL
0x00007ff919880000 - 0x00007ff919c09000 	C:\Windows\System32\combase.dll
0x00007ff91a6c0000 - 0x00007ff91a797000 	C:\Windows\System32\OLEAUT32.dll
0x00007ff90f190000 - 0x00007ff90f1c2000 	C:\Windows\SYSTEM32\dbgcore.DLL
0x00007ff9181f0000 - 0x00007ff91826b000 	C:\Windows\System32\bcryptPrimitives.dll
0x00007ff907860000 - 0x00007ff907885000 	C:\Program Files\JetBrains\PhpStorm 2022.3.3\jbr\bin\java.dll

dbghelp: loaded successfully - version: 4.0.5 - missing functions: none
symbol engine: initialized successfully - sym options: 0x614 - pdb path: .;C:\Program Files\JetBrains\PhpStorm 2022.3.3\jbr\bin;C:\Windows\SYSTEM32;C:\Windows\WinSxS\amd64_microsoft.windows.common-controls_6595b64144ccf1df_6.0.22621.1635_none_270f70857386168e;C:\Program Files\JetBrains\PhpStorm 2022.3.3\jbr\bin\server

VM Arguments:
jvm_args: -Djava.io.tmpdir=C:\Users\Naufal\AppData\Local\JetBrains\PhpStorm2022.3\tmp\statistics-uploader 
java_command: com.intellij.internal.statistic.uploader.EventLogUploader --ide-token C:\Users\Naufal\AppData\Local\JetBrains\PhpStorm2022.3\token --recorders FUS --device-fus 1202231fed17621-7954-4ada-bd1b-4959d11b5a60 --bucket-fus 154 --machine-fus 599aa50d31cfdbf48625d01ea2022c042957c3e2f11a356ea78fa0fb0fc802af --id-revision-fus 0 --files-fus C:\Users\Naufal\AppData\Local\JetBrains\PhpStorm2022.3\event-log-data\logs\FUS\ab4c-41ba-9672-21e1ed2265f1-223.8836.42-release.log --url https://resources.jetbrains.com/storage/fus/config/v4/%s/%s.json --product PS --product-version 2022.3.3 --user-agent PhpStorm/223.8836.42 --extra-headers 
java_class_path (initial): C:\Program Files\JetBrains\PhpStorm 2022.3.3\lib\3rd-party-rt.jar;C:\Program Files\JetBrains\PhpStorm 2022.3.3\lib\annotations-java5.jar;C:\Program Files\JetBrains\PhpStorm 2022.3.3\lib\3rd-party-rt.jar;C:\Program Files\JetBrains\PhpStorm 2022.3.3\lib\app.jar;C:\Program Files\JetBrains\PhpStorm 2022.3.3\lib\stats.jar
Launcher Type: SUN_STANDARD

[Global flags]
     intx CICompilerCount                          = 12                                        {product} {ergonomic}
     uint ConcGCThreads                            = 3                                         {product} {ergonomic}
     uint G1ConcRefinementThreads                  = 13                                        {product} {ergonomic}
   size_t G1HeapRegionSize                         = 2097152                                   {product} {ergonomic}
    uintx GCDrainStackTargetSize                   = 64                                        {product} {ergonomic}
   size_t InitialHeapSize                          = 232783872                                 {product} {ergonomic}
   size_t MarkStackSize                            = 4194304                                   {product} {ergonomic}
   size_t MaxHeapSize                              = 3720347648                                {product} {ergonomic}
   size_t MinHeapDeltaBytes                        = 2097152                                   {product} {ergonomic}
   size_t MinHeapSize                              = 8388608                                   {product} {ergonomic}
    uintx NonNMethodCodeHeapSize                   = 7602480                                {pd product} {ergonomic}
    uintx NonProfiledCodeHeapSize                  = 122027880                              {pd product} {ergonomic}
    uintx ProfiledCodeHeapSize                     = 122027880                              {pd product} {ergonomic}
    uintx ReservedCodeCacheSize                    = 251658240                              {pd product} {ergonomic}
     bool SegmentedCodeCache                       = true                                      {product} {ergonomic}
   size_t SoftMaxHeapSize                          = 3720347648                             {manageable} {ergonomic}
     bool UseCompressedClassPointers               = true                           {product lp64_product} {ergonomic}
     bool UseCompressedOops                        = true                           {product lp64_product} {ergonomic}
     bool UseG1GC                                  = true                                      {product} {ergonomic}
     bool UseLargePagesIndividualAllocation        = false                                  {pd product} {ergonomic}

Logging:
Log output configuration:
 #0: stdout all=warning uptime,level,tags
 #1: stderr all=off uptime,level,tags

Environment Variables:
PATH=C:\Program Files\Common Files\Oracle\Java\javapath;C:\Program Files (x86)\Common Files\Oracle\Java\javapath;C:\Windows\system32;C:\Windows;C:\Windows\System32\Wbem;C:\Windows\System32\WindowsPowerShell\v1.0\;C:\Windows\System32\OpenSSH\;C:\Program Files (x86)\Microsoft SQL Server\160\DTS\Binn\;C:\Program Files\Azure Data Studio\bin;C:\Program Files (x86)\Microsoft SQL Server\160\Tools\Binn\;C:\Program Files\Microsoft SQL Server\160\Tools\Binn\;C:\Program Files\Microsoft SQL Server\Client SDK\ODBC\170\Tools\Binn\;C:\Program Files\Microsoft SQL Server\160\DTS\Binn\;C:\Program Files (x86)\Rational\common;C:\xampp\php;C:\ProgramData\ComposerSetup\bin;C:\Program Files\Git\cmd;C:\Program Files\nodejs\;C:\Program Files\Microsoft SQL Server\150\Tools\Binn\;C:\Program Files\Microsoft SQL Server\140\DTS\Binn\;C:\Program Files\Microsoft SQL Server\150\DTS\Binn\;C:\Program Files (x86)\NVIDIA Corporation\PhysX\Common;C:\Program Files\NVIDIA Corporation\NVIDIA NvDLISR;C:\Users\Naufal\AppData\Local\Microsoft\WindowsApps;;C:\Users\Naufal\AppData\Local\Programs\Microsoft VS Code\bin;C:\Program Files\Azure Data Studio\bin;C:\Users\Naufal\AppData\Roaming\Composer\vendor\bin;C:\Users\Naufal\AppData\Roaming\npm;C:\Program Files\JetBrains\PhpStorm 2022.3.3\bin;
USERNAME=Naufal
OS=Windows_NT
PROCESSOR_IDENTIFIER=AMD64 Family 25 Model 80 Stepping 0, AuthenticAMD
TMP=C:\Users\Naufal\AppData\Local\Temp
TEMP=C:\Users\Naufal\AppData\Local\Temp



---------------  S Y S T E M  ---------------

OS:
 Windows 11 , 64 bit Build 22621 (10.0.22621.1635)
OS uptime: 1 days 2:22 hours
Hyper-V role detected

CPU: total 16 (initial active 16) (16 cores per cpu, 2 threads per core) family 25 model 80 stepping 0 microcode 0x0, cx8, cmov, fxsr, ht, mmx, 3dnowpref, sse, sse2, sse3, ssse3, sse4a, sse4.1, sse4.2, popcnt, lzcnt, tsc, tscinvbit, avx, avx2, aes, erms, clmul, bmi1, bmi2, adx, sha, fma, vzeroupper, clflush, clflushopt, hv

Memory: 4k page, system-wide physical 14188M (3083M free)
TotalPageFile size 18284M (AvailPageFile size 75M)
current process WorkingSet (physical memory assigned to process): 11M, peak: 11M
current process commit charge ("private bytes"): 70M, peak: 292M

vm_info: OpenJDK 64-Bit Server VM (17.0.6+1-b653.34) for windows-amd64 JRE (17.0.6+1-b653.34), built on 2023-02-24 by "builduser" with MS VC++ 16.10 / 16.11 (VS2019)

END.
